2023-02-21 21:22:19,651 (utils:71) INFO: Set logging.INFO level.
2023-02-21 21:22:19,651 (search_prune_then_verify_mix:105) INFO: Loading the corresponding correation matrix between layers of original model
2023-02-21 21:22:19,651 (search_prune_then_verify_mix:106) INFO: Note this correlation matrix is actually SVCCA matrix
2023-02-21 21:22:19,654 (search_prune_then_verify_mix:123) INFO: Layer Pruning 6 layers from 12 layers
2023-02-21 21:22:19,654 (search_prune_then_verify_mix:161) INFO: Greedy search pruning ways
2023-02-21 21:22:19,654 (search_prune_then_verify_mix:170) INFO: prune 1 layer,  prior_clipped_layers: [[9, 9]]
2023-02-21 21:22:19,654 (search_prune_then_verify_mix:170) INFO: prune 2 layer,  prior_clipped_layers: [[7, 7], [9, 9]]
2023-02-21 21:22:19,655 (search_prune_then_verify_mix:170) INFO: prune 3 layer,  prior_clipped_layers: [[3, 3], [7, 7], [9, 9]]
2023-02-21 21:22:19,655 (search_prune_then_verify_mix:170) INFO: prune 4 layer,  prior_clipped_layers: [[3, 3], [5, 5], [7, 7], [9, 9]]
2023-02-21 21:22:19,655 (search_prune_then_verify_mix:170) INFO: prune 5 layer,  prior_clipped_layers: [[3, 3], [5, 5], [7, 7], [9, 9], [11, 11]]
2023-02-21 21:22:19,655 (search_prune_then_verify_mix:170) INFO: prune 6 layer,  prior_clipped_layers: [[1, 1], [3, 3], [5, 5], [7, 7], [9, 9], [11, 11]]
2023-02-21 21:22:19,655 (search_prune_then_verify_mix:225) INFO: --- Corase layer pruning search finished, Now enter into the verify stage
2023-02-21 21:22:19,655 (search_prune_then_verify_mix:229) INFO: --- Construct the dataset
2023-02-21 21:22:20,469 (search_prune_then_verify_mix:243) INFO: -- construct the original 12-layer model
2023-02-21 21:22:32,772 (search_prune_then_verify_mix:357) INFO: --- Construct the clipped model
2023-02-21 21:22:41,331 (search_prune_then_verify_mix:412) INFO: For [[1, 1], [3, 3], [5, 5], [7, 7], [9, 9], [11, 11]]: clipped wer : 13.148267699591134%
2023-02-21 21:23:22,290 (utils:71) INFO: Set logging.INFO level.
2023-02-21 21:23:22,290 (search_prune_then_verify_mix:105) INFO: Loading the corresponding correation matrix between layers of original model
2023-02-21 21:23:22,290 (search_prune_then_verify_mix:106) INFO: Note this correlation matrix is actually SVCCA matrix
2023-02-21 21:23:22,293 (search_prune_then_verify_mix:123) INFO: Layer Pruning 6 layers from 12 layers
