2023-02-21 20:52:02,420 (utils:71) INFO: Set logging.INFO level.
2023-02-21 20:52:02,420 (search_prune_then_verify_mix:107) INFO: Loading the corresponding correation matrix between layers of original model
2023-02-21 20:52:02,420 (search_prune_then_verify_mix:108) INFO: Note this correlation matrix is actually DC matrix
2023-02-21 20:52:02,423 (search_prune_then_verify_mix:125) INFO: Layer Pruning 8 layers from 12 layers
2023-02-21 21:02:07,485 (utils:71) INFO: Set logging.INFO level.
2023-02-21 21:02:07,485 (search_prune_then_verify_mix:107) INFO: Loading the corresponding correation matrix between layers of original model
2023-02-21 21:02:07,485 (search_prune_then_verify_mix:108) INFO: Note this correlation matrix is actually DC matrix
2023-02-21 21:02:07,488 (search_prune_then_verify_mix:125) INFO: Layer Pruning 8 layers from 12 layers
2023-02-21 21:02:07,488 (search_prune_then_verify_mix:163) INFO: Greedy search pruning ways
2023-02-21 21:02:07,488 (search_prune_then_verify_mix:172) INFO: prune 1 layer,  prior_clipped_layers: [[9, 9]]
2023-02-21 21:02:07,488 (search_prune_then_verify_mix:172) INFO: prune 2 layer,  prior_clipped_layers: [[3, 3], [9, 9]]
2023-02-21 21:02:07,489 (search_prune_then_verify_mix:172) INFO: prune 3 layer,  prior_clipped_layers: [[3, 3], [7, 7], [9, 9]]
2023-02-21 21:02:07,489 (search_prune_then_verify_mix:172) INFO: prune 4 layer,  prior_clipped_layers: [[3, 3], [7, 7], [9, 9], [11, 11]]
2023-02-21 21:02:07,489 (search_prune_then_verify_mix:172) INFO: prune 5 layer,  prior_clipped_layers: [[1, 1], [3, 3], [7, 7], [9, 9], [11, 11]]
2023-02-21 21:02:07,489 (search_prune_then_verify_mix:172) INFO: prune 6 layer,  prior_clipped_layers: [[1, 1], [3, 4], [7, 7], [9, 9], [11, 11]]
2023-02-21 21:02:07,489 (search_prune_then_verify_mix:172) INFO: prune 7 layer,  prior_clipped_layers: [[1, 1], [3, 4], [7, 7], [9, 9], [11, 12]]
2023-02-21 21:02:07,489 (search_prune_then_verify_mix:172) INFO: prune 8 layer,  prior_clipped_layers: [[1, 1], [3, 4], [6, 7], [9, 9], [11, 12]]
2023-02-21 21:02:07,489 (search_prune_then_verify_mix:227) INFO: --- Corase layer pruning search finished, Now enter into the verify stage
2023-02-21 21:02:07,489 (search_prune_then_verify_mix:231) INFO: --- Construct the dataset
2023-02-21 21:02:08,319 (search_prune_then_verify_mix:247) INFO: -- construct the original 12-layer model
2023-02-21 21:02:20,611 (search_prune_then_verify_mix:363) INFO: --- Construct the clipped model
