2023-02-21 17:02:23,052 (utils:71) INFO: Set logging.INFO level.
2023-02-21 17:02:23,052 (search_prune_then_verify_mix:106) INFO: Loading the corresponding DC matrix between layers of original model
2023-02-21 17:02:23,053 (search_prune_then_verify_mix:107) INFO: Note this DC matrix is actually DC matrix
2023-02-21 17:02:23,055 (search_prune_then_verify_mix:134) INFO: Layer Pruning 6 layers from 12 layers
2023-02-21 17:02:23,059 (search_prune_then_verify_mix:234) INFO: --- Corase layer pruning search finished, Now enter into the verify stage
2023-02-21 17:02:23,059 (search_prune_then_verify_mix:239) INFO: --- Construct the dataset
2023-02-21 17:02:23,859 (search_prune_then_verify_mix:258) INFO: -- construct the original 12-layer model
2023-02-21 17:02:35,271 (search_prune_then_verify_mix:564) INFO: --- Construct the clipped model
2023-02-21 17:02:50,211 (search_prune_then_verify_mix:650) INFO: For [[2, 3], [5, 5], [7, 7], [9, 9], [11, 11]]: final layer dc vs. original: 0.9361795783042908
2023-02-21 17:02:50,241 (search_prune_then_verify_mix:656) INFO: For [[2, 3], [5, 5], [7, 7], [9, 9], [11, 11]]: clipped wer : 12.502689907467182%
2023-02-21 17:02:50,241 (search_prune_then_verify_mix:564) INFO: --- Construct the clipped model
2023-02-21 17:03:04,723 (search_prune_then_verify_mix:650) INFO: For [[2, 4], [7, 7], [9, 9], [11, 11]]: final layer dc vs. original: 0.9344383478164673
2023-02-21 17:03:04,746 (search_prune_then_verify_mix:656) INFO: For [[2, 4], [7, 7], [9, 9], [11, 11]]: clipped wer : 14.568538842263825%
2023-02-21 17:03:04,746 (search_prune_then_verify_mix:564) INFO: --- Construct the clipped model
2023-02-21 17:03:19,207 (search_prune_then_verify_mix:650) INFO: For [[2, 2], [4, 4], [7, 7], [9, 9], [11, 12]]: final layer dc vs. original: 0.8423930406570435
2023-02-21 17:03:19,231 (search_prune_then_verify_mix:656) INFO: For [[2, 2], [4, 4], [7, 7], [9, 9], [11, 12]]: clipped wer : 13.341941037228318%
2023-02-21 17:03:19,231 (search_prune_then_verify_mix:564) INFO: --- Construct the clipped model
2023-02-21 17:03:33,529 (search_prune_then_verify_mix:650) INFO: For [[3, 3], [5, 5], [7, 7], [9, 9], [11, 12]]: final layer dc vs. original: 0.8440985083580017
2023-02-21 17:03:33,550 (search_prune_then_verify_mix:656) INFO: For [[3, 3], [5, 5], [7, 7], [9, 9], [11, 12]]: clipped wer : 14.826769959113406%
2023-02-21 17:03:33,550 (search_prune_then_verify_mix:564) INFO: --- Construct the clipped model
2023-02-21 17:03:47,745 (search_prune_then_verify_mix:650) INFO: For [[1, 1], [3, 3], [5, 5], [7, 7], [9, 9], [11, 11]]: final layer dc vs. original: 0.9364417195320129
2023-02-21 17:03:47,765 (search_prune_then_verify_mix:656) INFO: For [[1, 1], [3, 3], [5, 5], [7, 7], [9, 9], [11, 11]]: clipped wer : 13.148267699591134%
2023-02-21 17:03:47,765 (search_prune_then_verify_mix:564) INFO: --- Construct the clipped model
2023-02-21 17:04:01,942 (search_prune_then_verify_mix:650) INFO: For [[2, 2], [4, 5], [7, 7], [9, 9], [11, 11]]: final layer dc vs. original: 0.9301021695137024
2023-02-21 17:04:01,964 (search_prune_then_verify_mix:656) INFO: For [[2, 2], [4, 5], [7, 7], [9, 9], [11, 11]]: clipped wer : 12.760921024316762%
2023-02-21 17:04:01,964 (search_prune_then_verify_mix:564) INFO: --- Construct the clipped model
2023-02-21 17:04:16,153 (search_prune_then_verify_mix:650) INFO: For [[2, 2], [5, 5], [7, 7], [9, 9], [11, 12]]: final layer dc vs. original: 0.8372873663902283
2023-02-21 17:04:16,172 (search_prune_then_verify_mix:656) INFO: For [[2, 2], [5, 5], [7, 7], [9, 9], [11, 12]]: clipped wer : 13.987518829352268%
2023-02-21 17:04:16,173 (search_prune_then_verify_mix:564) INFO: --- Construct the clipped model
2023-02-21 17:04:30,235 (search_prune_then_verify_mix:650) INFO: For [[2, 3], [5, 5], [7, 7], [9, 9], [12, 12]]: final layer dc vs. original: 0.8858739733695984
2023-02-21 17:04:30,257 (search_prune_then_verify_mix:656) INFO: For [[2, 3], [5, 5], [7, 7], [9, 9], [12, 12]]: clipped wer : 13.492575855390573%
2023-02-21 17:04:30,257 (search_prune_then_verify_mix:564) INFO: --- Construct the clipped model
2023-02-21 17:04:44,421 (search_prune_then_verify_mix:650) INFO: For [[2, 2], [4, 4], [6, 7], [9, 9], [11, 11]]: final layer dc vs. original: 0.9220840334892273
2023-02-21 17:04:44,440 (search_prune_then_verify_mix:656) INFO: For [[2, 2], [4, 4], [6, 7], [9, 9], [11, 11]]: clipped wer : 16.41919517968582%
2023-02-21 17:04:44,440 (search_prune_then_verify_mix:564) INFO: --- Construct the clipped model
2023-02-21 17:04:58,719 (search_prune_then_verify_mix:650) INFO: For [[1, 1], [3, 4], [7, 7], [9, 9], [11, 11]]: final layer dc vs. original: 0.9340259432792664
2023-02-21 17:04:58,735 (search_prune_then_verify_mix:656) INFO: For [[1, 1], [3, 4], [7, 7], [9, 9], [11, 11]]: clipped wer : 15.364751452550033%
2023-02-21 17:04:58,736 (search_prune_then_verify_mix:658) INFO: WERS: [0.12502689907467182, 0.14568538842263826, 0.1334194103722832, 0.14826769959113406, 0.13148267699591135, 0.12760921024316763, 0.1398751882935227, 0.13492575855390573, 0.1641919517968582, 0.15364751452550032]
2023-02-21 17:04:58,736 (search_prune_then_verify_mix:660) INFO: mean WERS: 14.041316978695932, std WERS: 1.1789039261619294
2023-02-21 17:04:58,736 (search_prune_then_verify_mix:661) INFO: max WERS: 16.41919517968582, min WERS: 12.502689907467182
2023-02-21 17:04:58,737 (search_prune_then_verify_mix:664) INFO: correlation between wer and correlation measure: -0.5720191990545535 
2023-02-21 17:04:58,737 (search_prune_then_verify_mix:667) INFO: correlation between wer and LastLayerDCs: -0.007307327507188912 
